[main a2a23a6] Auto-sync: 2025-02-10 15:00:01
 3 files changed, 55 insertions(+)
 create mode 100644 logs/git_sync.log
 create mode 100755 scripts/auto_git_sync.sh
 create mode 100644 scripts/create_git_sync.sh
error: cannot pull with rebase: You have unstaged changes.
error: Please commit or stash them.
kex_exchange_identification: read: Connection reset by peer
Connection reset by 20.87.245.0 port 22
fatal: Could not read from remote repository.

Please make sure you have the correct access rights
and the repository exists.
[main 6890e3c] Auto-sync: 2025-02-10 17:00:23
 1 file changed, 37 insertions(+)
 create mode 100755 scripts/bot_handler.py
error: cannot pull with rebase: You have unstaged changes.
error: Please commit or stash them.
kex_exchange_identification: read: Connection reset by peer
Connection reset by 20.87.245.0 port 22
fatal: Could not read from remote repository.

Please make sure you have the correct access rights
and the repository exists.
[main 96b6610] Auto-sync: 2025-02-10 18:00:00
 1 file changed, 11 insertions(+)
error: cannot pull with rebase: You have unstaged changes.
error: Please commit or stash them.
git@github.com: Permission denied (publickey).
fatal: Could not read from remote repository.

Please make sure you have the correct access rights
and the repository exists.
[main 3853980] Auto-sync: 2025-02-10 19:00:00
 1 file changed, 9 insertions(+)
error: cannot pull with rebase: You have unstaged changes.
error: Please commit or stash them.
git@github.com: Permission denied (publickey).
fatal: Could not read from remote repository.

Please make sure you have the correct access rights
and the repository exists.
[main 173e975] Auto-sync: 2025-02-10 20:00:01
 1 file changed, 9 insertions(+)
error: cannot pull with rebase: You have unstaged changes.
error: Please commit or stash them.
git@github.com: Permission denied (publickey).
fatal: Could not read from remote repository.

Please make sure you have the correct access rights
and the repository exists.
[main 2aeddd6] Auto-sync: 2025-02-10 21:00:01
 1 file changed, 9 insertions(+)
error: cannot pull with rebase: You have unstaged changes.
error: Please commit or stash them.
git@github.com: Permission denied (publickey).
fatal: Could not read from remote repository.

Please make sure you have the correct access rights
and the repository exists.
[main af6d3ab] Auto-sync: 2025-02-10 22:00:01
 1 file changed, 9 insertions(+)
error: cannot pull with rebase: You have unstaged changes.
error: Please commit or stash them.
git@github.com: Permission denied (publickey).
fatal: Could not read from remote repository.

Please make sure you have the correct access rights
and the repository exists.
[main d5835e2] Auto-sync: 2025-02-10 23:00:01
 1 file changed, 9 insertions(+)
error: cannot pull with rebase: You have unstaged changes.
error: Please commit or stash them.
git@github.com: Permission denied (publickey).
fatal: Could not read from remote repository.

Please make sure you have the correct access rights
and the repository exists.
[main cf4f124] Auto-sync: 2025-02-11 00:00:00
 1 file changed, 9 insertions(+)
error: cannot pull with rebase: You have unstaged changes.
error: Please commit or stash them.
git@github.com: Permission denied (publickey).
fatal: Could not read from remote repository.

Please make sure you have the correct access rights
and the repository exists.
[main ff13d15] Auto-sync: 2025-02-11 01:00:01
 1 file changed, 9 insertions(+)
error: cannot pull with rebase: You have unstaged changes.
error: Please commit or stash them.
git@github.com: Permission denied (publickey).
fatal: Could not read from remote repository.

Please make sure you have the correct access rights
and the repository exists.
[main c71b8df] Auto-sync: 2025-02-11 02:00:00
 1 file changed, 9 insertions(+)
error: cannot pull with rebase: You have unstaged changes.
error: Please commit or stash them.
git@github.com: Permission denied (publickey).
fatal: Could not read from remote repository.

Please make sure you have the correct access rights
and the repository exists.
[main 14172d7] Auto-sync: 2025-02-11 03:00:00
 1 file changed, 9 insertions(+)
error: cannot pull with rebase: You have unstaged changes.
error: Please commit or stash them.
git@github.com: Permission denied (publickey).
fatal: Could not read from remote repository.

Please make sure you have the correct access rights
and the repository exists.
