2025-02-14 11:14:45 - Starting system optimization with backup and recovery...
2025-02-14 11:14:45 - Creating backup of AI data, logs, and configurations...
2025-02-14 11:14:47 - Restoration completed using backup: backup_2025-02-14_11-14-45.tar.gz
2025-02-14 11:14:47 - Checking for outdated Python packages...
2025-02-14 11:14:58 - Updating outdated Python packages...
2025-02-14 11:15:03 - Current Disk Usage: /dev/block/dm-47          48G  43G  4.2G  92% /data
tmpfs                    1.8G    0  1.8G   0% /data/data
tmpfs                    1.8G    0  1.8G   0% /data/user
tmpfs                    1.8G    0  1.8G   0% /data/user_de
tmpfs                    1.8G    0  1.8G   0% /data/misc/profiles/cur
tmpfs                    1.8G    0  1.8G   0% /data/misc/profiles/ref
2025-02-14 11:15:03 - System optimization and recovery completed successfully!
2025-02-14 13:14:11 - Starting system optimization with backup and recovery...
2025-02-14 13:14:11 - Creating backup of AI data, logs, and configurations...
2025-02-14 13:14:12 - Restoration completed using backup: backup_2025-02-14_13-14-11.tar.gz
2025-02-14 13:14:12 - Checking for outdated Python packages...
2025-02-14 13:14:23 - Updating outdated Python packages...
2025-02-14 13:14:31 - Current Disk Usage: /dev/block/dm-47          48G  43G  4.2G  92% /data
tmpfs                    1.8G    0  1.8G   0% /data/data
tmpfs                    1.8G    0  1.8G   0% /data/user
tmpfs                    1.8G    0  1.8G   0% /data/user_de
tmpfs                    1.8G    0  1.8G   0% /data/misc/profiles/cur
tmpfs                    1.8G    0  1.8G   0% /data/misc/profiles/ref
2025-02-14 13:14:31 - System optimization and recovery completed successfully!
2025-02-14 15:16:18 - Starting system optimization with backup and recovery...
2025-02-14 15:16:18 - Creating backup of AI data, logs, and configurations...
2025-02-14 15:16:22 - Restoration completed using backup: backup_2025-02-14_15-16-18.tar.gz
2025-02-14 15:16:22 - Checking for outdated Python packages...
2025-02-14 15:16:41 - Updating outdated Python packages...
2025-02-14 15:16:49 - Current Disk Usage: /dev/block/dm-47          48G  44G  3.9G  92% /data
tmpfs                    1.8G    0  1.8G   0% /data/data
tmpfs                    1.8G    0  1.8G   0% /data/user
tmpfs                    1.8G    0  1.8G   0% /data/user_de
tmpfs                    1.8G    0  1.8G   0% /data/misc/profiles/cur
tmpfs                    1.8G    0  1.8G   0% /data/misc/profiles/ref
2025-02-14 15:16:49 - System optimization and recovery completed successfully!
2025-02-14 19:16:16 - Starting system optimization with backup and recovery...
2025-02-14 19:16:16 - Creating backup of AI data, logs, and configurations...
2025-02-14 19:16:20 - Restoration completed using backup: backup_2025-02-14_19-16-16.tar.gz
2025-02-14 19:16:20 - Checking for outdated Python packages...
2025-02-14 19:16:31 - Updating outdated Python packages...
2025-02-14 19:16:36 - Current Disk Usage: /dev/block/dm-47          48G  44G  4.0G  92% /data
tmpfs                    1.8G    0  1.8G   0% /data/data
tmpfs                    1.8G    0  1.8G   0% /data/user
tmpfs                    1.8G    0  1.8G   0% /data/user_de
tmpfs                    1.8G    0  1.8G   0% /data/misc/profiles/cur
tmpfs                    1.8G    0  1.8G   0% /data/misc/profiles/ref
2025-02-14 19:16:36 - System optimization and recovery completed successfully!
2025-02-14 19:17:48 - Starting system optimization with backup and recovery...
2025-02-14 19:17:48 - Creating backup of AI data, logs, and configurations...
2025-02-14 19:17:49 - Restoration completed using backup: backup_2025-02-14_19-17-48.tar.gz
2025-02-14 19:17:49 - Checking for outdated Python packages...
2025-02-14 19:18:02 - Updating outdated Python packages...
2025-02-14 19:18:09 - Current Disk Usage: /dev/block/dm-47          48G  44G  4.0G  92% /data
tmpfs                    1.8G    0  1.8G   0% /data/data
tmpfs                    1.8G    0  1.8G   0% /data/user
tmpfs                    1.8G    0  1.8G   0% /data/user_de
tmpfs                    1.8G    0  1.8G   0% /data/misc/profiles/cur
tmpfs                    1.8G    0  1.8G   0% /data/misc/profiles/ref
2025-02-14 19:18:09 - System optimization and recovery completed successfully!
2025-02-14 23:18:45 - Starting system optimization with backup and recovery...
2025-02-14 23:18:45 - Creating backup of AI data, logs, and configurations...
2025-02-14 23:18:47 - Restoration completed using backup: backup_2025-02-14_23-18-45.tar.gz
2025-02-14 23:18:47 - Checking for outdated Python packages...
2025-02-14 23:19:04 - Updating outdated Python packages...
2025-02-14 23:19:08 - Current Disk Usage: /dev/block/dm-47          48G  43G  4.3G  91% /data
tmpfs                    1.8G    0  1.8G   0% /data/data
tmpfs                    1.8G    0  1.8G   0% /data/user
tmpfs                    1.8G    0  1.8G   0% /data/user_de
tmpfs                    1.8G    0  1.8G   0% /data/misc/profiles/cur
tmpfs                    1.8G    0  1.8G   0% /data/misc/profiles/ref
2025-02-14 23:19:08 - System optimization and recovery completed successfully!
2025-02-15 01:20:26 - Starting system optimization with backup and recovery...
2025-02-15 01:20:26 - Creating backup of AI data, logs, and configurations...
2025-02-15 01:20:28 - Restoration completed using backup: backup_2025-02-15_01-20-26.tar.gz
2025-02-15 01:20:28 - Checking for outdated Python packages...
2025-02-15 01:20:37 - Updating outdated Python packages...
2025-02-15 01:22:35 - Current Disk Usage: /dev/block/dm-47          48G  43G  4.4G  91% /data
tmpfs                    1.8G    0  1.8G   0% /data/data
tmpfs                    1.8G    0  1.8G   0% /data/user
tmpfs                    1.8G    0  1.8G   0% /data/user_de
tmpfs                    1.8G    0  1.8G   0% /data/misc/profiles/cur
tmpfs                    1.8G    0  1.8G   0% /data/misc/profiles/ref
2025-02-15 01:22:35 - System optimization and recovery completed successfully!
2025-02-15 03:19:57 - Starting system optimization with backup and recovery...
2025-02-15 03:19:57 - Creating backup of AI data, logs, and configurations...
2025-02-15 03:19:59 - Restoration completed using backup: backup_2025-02-15_03-19-57.tar.gz
2025-02-15 03:19:59 - Checking for outdated Python packages...
2025-02-15 03:20:10 - Updating outdated Python packages...
2025-02-15 03:20:30 - Current Disk Usage: /dev/block/dm-47          48G  43G  4.4G  91% /data
tmpfs                    1.8G    0  1.8G   0% /data/data
tmpfs                    1.8G    0  1.8G   0% /data/user
tmpfs                    1.8G    0  1.8G   0% /data/user_de
tmpfs                    1.8G    0  1.8G   0% /data/misc/profiles/cur
tmpfs                    1.8G    0  1.8G   0% /data/misc/profiles/ref
2025-02-15 03:20:30 - System optimization and recovery completed successfully!
2025-02-15 07:21:34 - Starting system optimization with backup and recovery...
2025-02-15 07:21:34 - Creating backup of AI data, logs, and configurations...
2025-02-15 07:21:35 - Restoration completed using backup: backup_2025-02-15_07-21-33.tar.gz
2025-02-15 07:21:35 - Checking for outdated Python packages...
2025-02-15 07:21:42 - Updating outdated Python packages...
2025-02-15 07:21:44 - Current Disk Usage: /dev/block/dm-47          48G  43G  4.4G  91% /data
tmpfs                    1.8G    0  1.8G   0% /data/data
tmpfs                    1.8G    0  1.8G   0% /data/user
tmpfs                    1.8G    0  1.8G   0% /data/user_de
tmpfs                    1.8G    0  1.8G   0% /data/misc/profiles/cur
tmpfs                    1.8G    0  1.8G   0% /data/misc/profiles/ref
2025-02-15 07:21:44 - System optimization and recovery completed successfully!
2025-02-15 07:23:51 - Starting system optimization with backup and recovery...
2025-02-15 07:23:51 - Creating backup of AI data, logs, and configurations...
2025-02-15 07:23:52 - Restoration completed using backup: backup_2025-02-15_07-23-51.tar.gz
2025-02-15 07:23:52 - Checking for outdated Python packages...
2025-02-15 07:23:59 - Updating outdated Python packages...
2025-02-15 07:24:01 - Current Disk Usage: /dev/block/dm-47          48G  43G  4.4G  91% /data
tmpfs                    1.8G    0  1.8G   0% /data/data
tmpfs                    1.8G    0  1.8G   0% /data/user
tmpfs                    1.8G    0  1.8G   0% /data/user_de
tmpfs                    1.8G    0  1.8G   0% /data/misc/profiles/cur
tmpfs                    1.8G    0  1.8G   0% /data/misc/profiles/ref
2025-02-15 07:24:01 - System optimization and recovery completed successfully!
2025-02-15 11:22:49 - Starting system optimization with backup and recovery...
2025-02-15 11:22:49 - Creating backup of AI data, logs, and configurations...
2025-02-15 11:22:51 - Restoration completed using backup: backup_2025-02-15_11-22-49.tar.gz
2025-02-15 11:22:51 - Checking for outdated Python packages...
2025-02-15 11:23:01 - Updating outdated Python packages...
2025-02-15 11:23:07 - Current Disk Usage: /dev/block/dm-47          48G  43G  4.7G  90% /data
tmpfs                    1.8G    0  1.8G   0% /data/data
tmpfs                    1.8G    0  1.8G   0% /data/user
tmpfs                    1.8G    0  1.8G   0% /data/user_de
tmpfs                    1.8G    0  1.8G   0% /data/misc/profiles/cur
tmpfs                    1.8G    0  1.8G   0% /data/misc/profiles/ref
2025-02-15 11:23:07 - System optimization and recovery completed successfully!
2025-02-15 13:24:19 - Starting system optimization with backup and recovery...
2025-02-15 13:24:19 - Creating backup of AI data, logs, and configurations...
2025-02-15 13:24:21 - Restoration completed using backup: backup_2025-02-15_13-24-19.tar.gz
2025-02-15 13:24:21 - Checking for outdated Python packages...
2025-02-15 13:25:47 - Updating outdated Python packages...
2025-02-15 13:25:49 - Current Disk Usage: /dev/block/dm-47          48G  43G  4.7G  91% /data
tmpfs                    1.8G    0  1.8G   0% /data/data
tmpfs                    1.8G    0  1.8G   0% /data/user
tmpfs                    1.8G    0  1.8G   0% /data/user_de
tmpfs                    1.8G    0  1.8G   0% /data/misc/profiles/cur
tmpfs                    1.8G    0  1.8G   0% /data/misc/profiles/ref
2025-02-15 13:25:49 - System optimization and recovery completed successfully!
2025-02-15 15:23:24 - Starting system optimization with backup and recovery...
2025-02-15 15:23:24 - Creating backup of AI data, logs, and configurations...
2025-02-15 15:23:27 - Restoration completed using backup: backup_2025-02-15_15-23-24.tar.gz
2025-02-15 15:23:27 - Checking for outdated Python packages...
2025-02-15 15:23:38 - Updating outdated Python packages...
2025-02-15 15:23:43 - Current Disk Usage: /dev/block/dm-47          48G  43G  4.8G  90% /data
tmpfs                    1.8G    0  1.8G   0% /data/data
tmpfs                    1.8G    0  1.8G   0% /data/user
tmpfs                    1.8G    0  1.8G   0% /data/user_de
tmpfs                    1.8G    0  1.8G   0% /data/misc/profiles/cur
tmpfs                    1.8G    0  1.8G   0% /data/misc/profiles/ref
2025-02-15 15:23:43 - System optimization and recovery completed successfully!
2025-02-15 19:24:25 - Starting system optimization with backup and recovery...
2025-02-15 19:24:25 - Creating backup of AI data, logs, and configurations...
2025-02-15 19:24:27 - Restoration completed using backup: backup_2025-02-15_19-24-24.tar.gz
2025-02-15 19:24:27 - Checking for outdated Python packages...
2025-02-15 19:24:39 - Updating outdated Python packages...
2025-02-15 19:24:43 - Current Disk Usage: /dev/block/dm-47          48G  43G  4.7G  91% /data
tmpfs                    1.8G    0  1.8G   0% /data/data
tmpfs                    1.8G    0  1.8G   0% /data/user
tmpfs                    1.8G    0  1.8G   0% /data/user_de
tmpfs                    1.8G    0  1.8G   0% /data/misc/profiles/cur
tmpfs                    1.8G    0  1.8G   0% /data/misc/profiles/ref
2025-02-15 19:24:43 - System optimization and recovery completed successfully!
2025-02-15 19:26:59 - Starting system optimization with backup and recovery...
2025-02-15 19:26:59 - Creating backup of AI data, logs, and configurations...
2025-02-15 19:27:00 - Restoration completed using backup: backup_2025-02-15_19-26-58.tar.gz
2025-02-15 19:27:00 - Checking for outdated Python packages...
2025-02-15 19:27:12 - Updating outdated Python packages...
2025-02-15 19:27:21 - Current Disk Usage: /dev/block/dm-47          48G  43G  4.7G  91% /data
tmpfs                    1.8G    0  1.8G   0% /data/data
tmpfs                    1.8G    0  1.8G   0% /data/user
tmpfs                    1.8G    0  1.8G   0% /data/user_de
tmpfs                    1.8G    0  1.8G   0% /data/misc/profiles/cur
tmpfs                    1.8G    0  1.8G   0% /data/misc/profiles/ref
2025-02-15 19:27:21 - System optimization and recovery completed successfully!
2025-02-15 23:25:14 - Starting system optimization with backup and recovery...
2025-02-15 23:25:14 - Creating backup of AI data, logs, and configurations...
2025-02-15 23:25:16 - Restoration completed using backup: backup_2025-02-15_23-25-14.tar.gz
2025-02-15 23:25:16 - Checking for outdated Python packages...
2025-02-15 23:25:26 - Updating outdated Python packages...
2025-02-15 23:25:28 - Current Disk Usage: /dev/block/dm-47          48G  43G  4.6G  91% /data
tmpfs                    1.8G    0  1.8G   0% /data/data
tmpfs                    1.8G    0  1.8G   0% /data/user
tmpfs                    1.8G    0  1.8G   0% /data/user_de
tmpfs                    1.8G    0  1.8G   0% /data/misc/profiles/cur
tmpfs                    1.8G    0  1.8G   0% /data/misc/profiles/ref
2025-02-15 23:25:28 - System optimization and recovery completed successfully!
2025-02-16 01:30:14 - Starting system optimization with backup and recovery...
2025-02-16 01:30:14 - Creating backup of AI data, logs, and configurations...
2025-02-16 01:30:15 - Restoration completed using backup: backup_2025-02-16_01-30-14.tar.gz
2025-02-16 01:30:15 - Checking for outdated Python packages...
2025-02-16 01:30:24 - Updating outdated Python packages...
2025-02-16 01:30:27 - Current Disk Usage: /dev/block/dm-47          48G  43G  4.6G  91% /data
tmpfs                    1.8G    0  1.8G   0% /data/data
tmpfs                    1.8G    0  1.8G   0% /data/user
tmpfs                    1.8G    0  1.8G   0% /data/user_de
tmpfs                    1.8G    0  1.8G   0% /data/misc/profiles/cur
tmpfs                    1.8G    0  1.8G   0% /data/misc/profiles/ref
2025-02-16 01:30:27 - System optimization and recovery completed successfully!
2025-02-16 03:25:56 - Starting system optimization with backup and recovery...
2025-02-16 03:25:56 - Creating backup of AI data, logs, and configurations...
2025-02-16 03:25:57 - Restoration completed using backup: backup_2025-02-16_03-25-56.tar.gz
2025-02-16 03:25:57 - Checking for outdated Python packages...
2025-02-16 03:26:04 - Updating outdated Python packages...
2025-02-16 03:26:06 - Current Disk Usage: /dev/block/dm-47          48G  43G  4.7G  91% /data
tmpfs                    1.8G    0  1.8G   0% /data/data
tmpfs                    1.8G    0  1.8G   0% /data/user
tmpfs                    1.8G    0  1.8G   0% /data/user_de
tmpfs                    1.8G    0  1.8G   0% /data/misc/profiles/cur
tmpfs                    1.8G    0  1.8G   0% /data/misc/profiles/ref
2025-02-16 03:26:06 - System optimization and recovery completed successfully!
2025-02-16 07:26:34 - Starting system optimization with backup and recovery...
2025-02-16 07:26:34 - Creating backup of AI data, logs, and configurations...
2025-02-16 07:26:36 - Restoration completed using backup: backup_2025-02-16_07-26-34.tar.gz
2025-02-16 07:26:36 - Checking for outdated Python packages...
2025-02-16 07:26:45 - Updating outdated Python packages...
2025-02-16 07:26:47 - Current Disk Usage: /dev/block/dm-47          48G  43G  4.8G  90% /data
tmpfs                    1.8G    0  1.8G   0% /data/data
tmpfs                    1.8G    0  1.8G   0% /data/user
tmpfs                    1.8G    0  1.8G   0% /data/user_de
tmpfs                    1.8G    0  1.8G   0% /data/misc/profiles/cur
tmpfs                    1.8G    0  1.8G   0% /data/misc/profiles/ref
2025-02-16 07:26:47 - System optimization and recovery completed successfully!
2025-02-16 07:30:54 - Starting system optimization with backup and recovery...
2025-02-16 07:30:55 - Creating backup of AI data, logs, and configurations...
2025-02-16 07:30:56 - Restoration completed using backup: backup_2025-02-16_07-30-54.tar.gz
2025-02-16 07:30:56 - Checking for outdated Python packages...
2025-02-16 07:31:03 - Updating outdated Python packages...
2025-02-16 07:31:05 - Current Disk Usage: /dev/block/dm-47          48G  43G  4.8G  90% /data
tmpfs                    1.8G    0  1.8G   0% /data/data
tmpfs                    1.8G    0  1.8G   0% /data/user
tmpfs                    1.8G    0  1.8G   0% /data/user_de
tmpfs                    1.8G    0  1.8G   0% /data/misc/profiles/cur
tmpfs                    1.8G    0  1.8G   0% /data/misc/profiles/ref
2025-02-16 07:31:06 - System optimization and recovery completed successfully!
2025-02-16 11:29:13 - Starting system optimization with backup and recovery...
2025-02-16 11:29:13 - Creating backup of AI data, logs, and configurations...
2025-02-16 11:29:17 - Restoration completed using backup: backup_2025-02-16_11-29-13.tar.gz
2025-02-16 11:29:17 - Checking for outdated Python packages...
2025-02-16 11:29:54 - Updating outdated Python packages...
2025-02-16 11:30:15 - Current Disk Usage: /dev/block/dm-47          48G  43G  4.8G  90% /data
tmpfs                    1.8G    0  1.8G   0% /data/data
tmpfs                    1.8G    0  1.8G   0% /data/user
tmpfs                    1.8G    0  1.8G   0% /data/user_de
tmpfs                    1.8G    0  1.8G   0% /data/misc/profiles/cur
tmpfs                    1.8G    0  1.8G   0% /data/misc/profiles/ref
2025-02-16 11:30:15 - System optimization and recovery completed successfully!
2025-02-16 13:31:27 - Starting system optimization with backup and recovery...
2025-02-16 13:31:27 - Creating backup of AI data, logs, and configurations...
2025-02-16 13:31:29 - Restoration completed using backup: backup_2025-02-16_13-31-27.tar.gz
2025-02-16 13:31:29 - Checking for outdated Python packages...
2025-02-16 13:31:40 - Updating outdated Python packages...
2025-02-16 13:31:44 - Current Disk Usage: /dev/block/dm-47          48G  43G  4.7G  90% /data
tmpfs                    1.8G    0  1.8G   0% /data/data
tmpfs                    1.8G    0  1.8G   0% /data/user
tmpfs                    1.8G    0  1.8G   0% /data/user_de
tmpfs                    1.8G    0  1.8G   0% /data/misc/profiles/cur
tmpfs                    1.8G    0  1.8G   0% /data/misc/profiles/ref
2025-02-16 13:31:44 - System optimization and recovery completed successfully!
2025-02-16 15:32:33 - Starting system optimization with backup and recovery...
2025-02-16 15:32:33 - Creating backup of AI data, logs, and configurations...
2025-02-16 15:32:35 - Restoration completed using backup: backup_2025-02-16_15-32-33.tar.gz
2025-02-16 15:32:35 - Checking for outdated Python packages...
2025-02-16 15:32:40 - Updating outdated Python packages...
2025-02-16 15:32:42 - Current Disk Usage: /dev/block/dm-47          48G  43G  4.7G  91% /data
tmpfs                    1.8G    0  1.8G   0% /data/data
tmpfs                    1.8G    0  1.8G   0% /data/user
tmpfs                    1.8G    0  1.8G   0% /data/user_de
tmpfs                    1.8G    0  1.8G   0% /data/misc/profiles/cur
tmpfs                    1.8G    0  1.8G   0% /data/misc/profiles/ref
2025-02-16 15:32:42 - System optimization and recovery completed successfully!
2025-02-16 19:32:48 - Starting system optimization with backup and recovery...
2025-02-16 19:32:48 - Creating backup of AI data, logs, and configurations...
2025-02-16 19:32:49 - Restoration completed using backup: backup_2025-02-16_19-32-48.tar.gz
2025-02-16 19:32:49 - Checking for outdated Python packages...
2025-02-16 19:32:58 - Updating outdated Python packages...
2025-02-16 19:33:02 - Current Disk Usage: /dev/block/dm-47          48G  43G  4.6G  91% /data
tmpfs                    1.8G    0  1.8G   0% /data/data
tmpfs                    1.8G    0  1.8G   0% /data/user
tmpfs                    1.8G    0  1.8G   0% /data/user_de
tmpfs                    1.8G    0  1.8G   0% /data/misc/profiles/cur
tmpfs                    1.8G    0  1.8G   0% /data/misc/profiles/ref
2025-02-16 19:33:02 - System optimization and recovery completed successfully!
2025-02-16 19:34:14 - Starting system optimization with backup and recovery...
2025-02-16 19:34:14 - Creating backup of AI data, logs, and configurations...
2025-02-16 19:34:16 - Restoration completed using backup: backup_2025-02-16_19-34-14.tar.gz
2025-02-16 19:34:16 - Checking for outdated Python packages...
2025-02-16 19:34:25 - Updating outdated Python packages...
2025-02-16 19:34:29 - Current Disk Usage: /dev/block/dm-47          48G  43G  4.6G  91% /data
tmpfs                    1.8G    0  1.8G   0% /data/data
tmpfs                    1.8G    0  1.8G   0% /data/user
tmpfs                    1.8G    0  1.8G   0% /data/user_de
tmpfs                    1.8G    0  1.8G   0% /data/misc/profiles/cur
tmpfs                    1.8G    0  1.8G   0% /data/misc/profiles/ref
2025-02-16 19:34:29 - System optimization and recovery completed successfully!
2025-02-16 23:35:02 - Starting system optimization with backup and recovery...
2025-02-16 23:35:02 - Creating backup of AI data, logs, and configurations...
2025-02-16 23:35:04 - Restoration completed using backup: backup_2025-02-16_23-35-02.tar.gz
2025-02-16 23:35:04 - Checking for outdated Python packages...
2025-02-16 23:35:13 - Updating outdated Python packages...
2025-02-16 23:35:16 - Current Disk Usage: /dev/block/dm-47          48G  43G  4.5G  91% /data
tmpfs                    1.8G    0  1.8G   0% /data/data
tmpfs                    1.8G    0  1.8G   0% /data/user
tmpfs                    1.8G    0  1.8G   0% /data/user_de
tmpfs                    1.8G    0  1.8G   0% /data/misc/profiles/cur
tmpfs                    1.8G    0  1.8G   0% /data/misc/profiles/ref
2025-02-16 23:35:16 - System optimization and recovery completed successfully!
2025-02-17 01:33:16 - Starting system optimization with backup and recovery...
2025-02-17 01:33:16 - Creating backup of AI data, logs, and configurations...
2025-02-17 01:33:18 - Restoration completed using backup: backup_2025-02-17_01-33-16.tar.gz
2025-02-17 01:33:18 - Checking for outdated Python packages...
2025-02-17 01:33:30 - Updating outdated Python packages...
2025-02-17 01:33:35 - Current Disk Usage: /dev/block/dm-47          48G  43G  4.5G  91% /data
tmpfs                    1.8G    0  1.8G   0% /data/data
tmpfs                    1.8G    0  1.8G   0% /data/user
tmpfs                    1.8G    0  1.8G   0% /data/user_de
tmpfs                    1.8G    0  1.8G   0% /data/misc/profiles/cur
tmpfs                    1.8G    0  1.8G   0% /data/misc/profiles/ref
2025-02-17 01:33:35 - System optimization and recovery completed successfully!
2025-02-17 03:37:44 - Starting system optimization with backup and recovery...
2025-02-17 03:37:45 - Creating backup of AI data, logs, and configurations...
2025-02-17 03:37:54 - Restoration completed using backup: backup_2025-02-17_03-37-44.tar.gz
2025-02-17 03:37:54 - Checking for outdated Python packages...
2025-02-17 03:38:21 - Updating outdated Python packages...
2025-02-17 03:38:24 - Current Disk Usage: /dev/block/dm-47          48G  43G  4.5G  91% /data
tmpfs                    1.8G    0  1.8G   0% /data/data
tmpfs                    1.8G    0  1.8G   0% /data/user
tmpfs                    1.8G    0  1.8G   0% /data/user_de
tmpfs                    1.8G    0  1.8G   0% /data/misc/profiles/cur
tmpfs                    1.8G    0  1.8G   0% /data/misc/profiles/ref
2025-02-17 03:38:24 - System optimization and recovery completed successfully!
2025-02-17 07:33:59 - Starting system optimization with backup and recovery...
2025-02-17 07:33:59 - Creating backup of AI data, logs, and configurations...
2025-02-17 07:34:02 - Restoration completed using backup: backup_2025-02-17_07-33-59.tar.gz
2025-02-17 07:34:02 - Checking for outdated Python packages...
2025-02-17 07:34:24 - Updating outdated Python packages...
2025-02-17 07:34:38 - Current Disk Usage: /dev/block/dm-47          48G  43G  4.4G  91% /data
tmpfs                    1.8G    0  1.8G   0% /data/data
tmpfs                    1.8G    0  1.8G   0% /data/user
tmpfs                    1.8G    0  1.8G   0% /data/user_de
tmpfs                    1.8G    0  1.8G   0% /data/misc/profiles/cur
tmpfs                    1.8G    0  1.8G   0% /data/misc/profiles/ref
2025-02-17 07:34:38 - System optimization and recovery completed successfully!
2025-02-17 07:38:59 - Starting system optimization with backup and recovery...
2025-02-17 07:38:59 - Creating backup of AI data, logs, and configurations...
2025-02-17 07:39:01 - Restoration completed using backup: backup_2025-02-17_07-38-59.tar.gz
2025-02-17 07:39:01 - Checking for outdated Python packages...
2025-02-17 07:39:13 - Updating outdated Python packages...
2025-02-17 07:39:22 - Current Disk Usage: /dev/block/dm-47          48G  43G  4.4G  91% /data
tmpfs                    1.8G    0  1.8G   0% /data/data
tmpfs                    1.8G    0  1.8G   0% /data/user
tmpfs                    1.8G    0  1.8G   0% /data/user_de
tmpfs                    1.8G    0  1.8G   0% /data/misc/profiles/cur
tmpfs                    1.8G    0  1.8G   0% /data/misc/profiles/ref
2025-02-17 07:39:22 - System optimization and recovery completed successfully!
2025-02-17 11:40:35 - Starting system optimization with backup and recovery...
2025-02-17 11:40:35 - Creating backup of AI data, logs, and configurations...
2025-02-17 11:40:37 - Restoration completed using backup: backup_2025-02-17_11-40-35.tar.gz
2025-02-17 11:40:37 - Checking for outdated Python packages...
2025-02-17 11:40:45 - Updating outdated Python packages...
2025-02-17 11:40:49 - Current Disk Usage: /dev/block/dm-47          48G  43G  4.3G  91% /data
tmpfs                    1.8G    0  1.8G   0% /data/data
tmpfs                    1.8G    0  1.8G   0% /data/user
tmpfs                    1.8G    0  1.8G   0% /data/user_de
tmpfs                    1.8G    0  1.8G   0% /data/misc/profiles/cur
tmpfs                    1.8G    0  1.8G   0% /data/misc/profiles/ref
2025-02-17 11:40:49 - System optimization and recovery completed successfully!
2025-02-17 13:35:19 - Starting system optimization with backup and recovery...
2025-02-17 13:35:19 - Creating backup of AI data, logs, and configurations...
2025-02-17 13:35:22 - Restoration completed using backup: backup_2025-02-17_13-35-19.tar.gz
2025-02-17 13:35:22 - Checking for outdated Python packages...
2025-02-17 13:35:48 - Updating outdated Python packages...
2025-02-17 13:35:53 - Current Disk Usage: /dev/block/dm-47          48G  43G  4.3G  91% /data
tmpfs                    1.8G    0  1.8G   0% /data/data
tmpfs                    1.8G    0  1.8G   0% /data/user
tmpfs                    1.8G    0  1.8G   0% /data/user_de
tmpfs                    1.8G    0  1.8G   0% /data/misc/profiles/cur
tmpfs                    1.8G    0  1.8G   0% /data/misc/profiles/ref
2025-02-17 13:35:53 - System optimization and recovery completed successfully!
2025-02-17 15:41:37 - Starting system optimization with backup and recovery...
2025-02-17 15:41:37 - Creating backup of AI data, logs, and configurations...
2025-02-17 15:41:39 - Restoration completed using backup: backup_2025-02-17_15-41-37.tar.gz
2025-02-17 15:41:39 - Checking for outdated Python packages...
2025-02-17 15:41:49 - Updating outdated Python packages...
2025-02-17 15:41:54 - Current Disk Usage: /dev/block/dm-47          48G  43G  4.7G  90% /data
tmpfs                    1.8G    0  1.8G   0% /data/data
tmpfs                    1.8G    0  1.8G   0% /data/user
tmpfs                    1.8G    0  1.8G   0% /data/user_de
tmpfs                    1.8G    0  1.8G   0% /data/misc/profiles/cur
tmpfs                    1.8G    0  1.8G   0% /data/misc/profiles/ref
2025-02-17 15:41:54 - System optimization and recovery completed successfully!
2025-02-17 19:36:59 - Starting system optimization with backup and recovery...
2025-02-17 19:36:59 - Creating backup of AI data, logs, and configurations...
2025-02-17 19:37:01 - Restoration completed using backup: backup_2025-02-17_19-36-59.tar.gz
2025-02-17 19:37:01 - Checking for outdated Python packages...
2025-02-17 19:37:11 - Updating outdated Python packages...
2025-02-17 19:37:15 - Current Disk Usage: /dev/block/dm-47          48G  44G  3.6G  93% /data
tmpfs                    1.8G    0  1.8G   0% /data/data
tmpfs                    1.8G    0  1.8G   0% /data/user
tmpfs                    1.8G    0  1.8G   0% /data/user_de
tmpfs                    1.8G    0  1.8G   0% /data/misc/profiles/cur
tmpfs                    1.8G    0  1.8G   0% /data/misc/profiles/ref
2025-02-17 19:37:15 - System optimization and recovery completed successfully!
2025-02-17 19:42:26 - Starting system optimization with backup and recovery...
2025-02-17 19:42:26 - Creating backup of AI data, logs, and configurations...
2025-02-17 19:42:28 - Restoration completed using backup: backup_2025-02-17_19-42-26.tar.gz
2025-02-17 19:42:28 - Checking for outdated Python packages...
2025-02-17 19:42:37 - Updating outdated Python packages...
2025-02-17 19:42:41 - Current Disk Usage: /dev/block/dm-47          48G  44G  3.6G  93% /data
tmpfs                    1.8G    0  1.8G   0% /data/data
tmpfs                    1.8G    0  1.8G   0% /data/user
tmpfs                    1.8G    0  1.8G   0% /data/user_de
tmpfs                    1.8G    0  1.8G   0% /data/misc/profiles/cur
tmpfs                    1.8G    0  1.8G   0% /data/misc/profiles/ref
2025-02-17 19:42:41 - System optimization and recovery completed successfully!
2025-02-17 23:42:51 - Starting system optimization with backup and recovery...
2025-02-17 23:42:51 - Creating backup of AI data, logs, and configurations...
2025-02-17 23:42:54 - Restoration completed using backup: backup_2025-02-17_23-42-51.tar.gz
2025-02-17 23:42:54 - Checking for outdated Python packages...
2025-02-17 23:43:04 - Updating outdated Python packages...
2025-02-17 23:43:06 - Current Disk Usage: /dev/block/dm-47          48G  44G  3.4G  93% /data
tmpfs                    1.8G    0  1.8G   0% /data/data
tmpfs                    1.8G    0  1.8G   0% /data/user
tmpfs                    1.8G    0  1.8G   0% /data/user_de
tmpfs                    1.8G    0  1.8G   0% /data/misc/profiles/cur
tmpfs                    1.8G    0  1.8G   0% /data/misc/profiles/ref
2025-02-17 23:43:06 - System optimization and recovery completed successfully!
2025-02-18 01:39:03 - Starting system optimization with backup and recovery...
2025-02-18 01:39:03 - Creating backup of AI data, logs, and configurations...
2025-02-18 01:39:13 - Restoration completed using backup: backup_2025-02-18_01-39-03.tar.gz
2025-02-18 01:39:13 - Checking for outdated Python packages...
2025-02-18 01:39:41 - Updating outdated Python packages...
2025-02-18 01:39:43 - Current Disk Usage: /dev/block/dm-47          48G  44G  3.4G  93% /data
tmpfs                    1.8G    0  1.8G   0% /data/data
tmpfs                    1.8G    0  1.8G   0% /data/user
tmpfs                    1.8G    0  1.8G   0% /data/user_de
tmpfs                    1.8G    0  1.8G   0% /data/misc/profiles/cur
tmpfs                    1.8G    0  1.8G   0% /data/misc/profiles/ref
2025-02-18 01:39:43 - System optimization and recovery completed successfully!
2025-02-18 03:45:10 - Starting system optimization with backup and recovery...
2025-02-18 03:45:10 - Creating backup of AI data, logs, and configurations...
2025-02-18 03:45:14 - Restoration completed using backup: backup_2025-02-18_03-45-10.tar.gz
2025-02-18 03:45:14 - Checking for outdated Python packages...
2025-02-18 03:45:26 - Updating outdated Python packages...
2025-02-18 03:45:28 - Current Disk Usage: /dev/block/dm-47          48G  44G  3.4G  93% /data
tmpfs                    1.8G    0  1.8G   0% /data/data
tmpfs                    1.8G    0  1.8G   0% /data/user
tmpfs                    1.8G    0  1.8G   0% /data/user_de
tmpfs                    1.8G    0  1.8G   0% /data/misc/profiles/cur
tmpfs                    1.8G    0  1.8G   0% /data/misc/profiles/ref
2025-02-18 03:45:28 - System optimization and recovery completed successfully!
2025-02-18 07:40:14 - Starting system optimization with backup and recovery...
2025-02-18 07:40:14 - Creating backup of AI data, logs, and configurations...
2025-02-18 07:40:24 - Restoration completed using backup: backup_2025-02-18_07-40-14.tar.gz
2025-02-18 07:40:24 - Checking for outdated Python packages...
2025-02-18 07:40:45 - Updating outdated Python packages...
2025-02-18 07:41:09 - Current Disk Usage: /dev/block/dm-47          48G  44G  4.0G  92% /data
tmpfs                    1.8G    0  1.8G   0% /data/data
tmpfs                    1.8G    0  1.8G   0% /data/user
tmpfs                    1.8G    0  1.8G   0% /data/user_de
tmpfs                    1.8G    0  1.8G   0% /data/misc/profiles/cur
tmpfs                    1.8G    0  1.8G   0% /data/misc/profiles/ref
2025-02-18 07:41:09 - System optimization and recovery completed successfully!
2025-02-18 07:46:10 - Starting system optimization with backup and recovery...
2025-02-18 07:46:10 - Creating backup of AI data, logs, and configurations...
2025-02-18 07:46:12 - Restoration completed using backup: backup_2025-02-18_07-46-10.tar.gz
2025-02-18 07:46:12 - Checking for outdated Python packages...
2025-02-18 07:46:35 - Updating outdated Python packages...
2025-02-18 07:46:50 - Current Disk Usage: /dev/block/dm-47          48G  44G  4.0G  92% /data
tmpfs                    1.8G    0  1.8G   0% /data/data
tmpfs                    1.8G    0  1.8G   0% /data/user
tmpfs                    1.8G    0  1.8G   0% /data/user_de
tmpfs                    1.8G    0  1.8G   0% /data/misc/profiles/cur
tmpfs                    1.8G    0  1.8G   0% /data/misc/profiles/ref
2025-02-18 07:46:50 - System optimization and recovery completed successfully!
2025-02-27 18:19:32 - Starting system optimization with backup and recovery...
2025-02-27 18:19:32 - Creating backup of AI data, logs, and configurations...
2025-02-27 18:19:34 - Restoration completed using backup: backup_2025-02-27_18-19-32.tar.gz
2025-02-27 18:19:34 - Checking for outdated Python packages...
2025-02-27 18:19:42 - Updating outdated Python packages...
2025-02-27 18:19:44 - Current Disk Usage: /dev/block/dm-47          48G  38G  9.3G  81% /data
tmpfs                    1.8G    0  1.8G   0% /data/data
tmpfs                    1.8G    0  1.8G   0% /data/user
tmpfs                    1.8G    0  1.8G   0% /data/user_de
tmpfs                    1.8G    0  1.8G   0% /data/misc/profiles/cur
tmpfs                    1.8G    0  1.8G   0% /data/misc/profiles/ref
2025-02-27 18:19:44 - System optimization and recovery completed successfully!
2025-03-01 13:11:13 - Starting system optimization with backup and recovery...
2025-03-01 13:11:13 - Creating backup of AI data, logs, and configurations...
2025-03-01 13:11:15 - Restoration completed using backup: backup_2025-03-01_13-11-13.tar.gz
2025-03-01 13:11:15 - Checking for outdated Python packages...
2025-03-01 13:11:34 - Updating outdated Python packages...
2025-03-01 13:11:39 - Current Disk Usage: /dev/block/dm-47          48G  40G  7.5G  85% /data
tmpfs                    1.8G    0  1.8G   0% /data/data
tmpfs                    1.8G    0  1.8G   0% /data/user
tmpfs                    1.8G    0  1.8G   0% /data/user_de
tmpfs                    1.8G    0  1.8G   0% /data/misc/profiles/cur
tmpfs                    1.8G    0  1.8G   0% /data/misc/profiles/ref
2025-03-01 13:11:39 - System optimization and recovery completed successfully!
2025-03-01 15:11:29 - Starting system optimization with backup and recovery...
2025-03-01 15:11:29 - Creating backup of AI data, logs, and configurations...
2025-03-01 15:11:32 - Restoration completed using backup: backup_2025-03-01_15-11-28.tar.gz
2025-03-01 15:11:32 - Checking for outdated Python packages...
2025-03-01 15:12:01 - Updating outdated Python packages...
2025-03-01 15:12:07 - Current Disk Usage: /dev/block/dm-47          48G  40G  7.4G  85% /data
tmpfs                    1.8G    0  1.8G   0% /data/data
tmpfs                    1.8G    0  1.8G   0% /data/user
tmpfs                    1.8G    0  1.8G   0% /data/user_de
tmpfs                    1.8G    0  1.8G   0% /data/misc/profiles/cur
tmpfs                    1.8G    0  1.8G   0% /data/misc/profiles/ref
2025-03-01 15:12:07 - System optimization and recovery completed successfully!
2025-03-01 17:11:58 - Starting system optimization with backup and recovery...
2025-03-01 17:11:59 - Creating backup of AI data, logs, and configurations...
2025-03-01 17:12:00 - Restoration completed using backup: backup_2025-03-01_17-11-58.tar.gz
2025-03-01 17:12:00 - Checking for outdated Python packages...
2025-03-01 17:12:19 - Updating outdated Python packages...
2025-03-01 17:12:30 - Current Disk Usage: /dev/block/dm-47          48G  40G  7.4G  85% /data
tmpfs                    1.8G    0  1.8G   0% /data/data
tmpfs                    1.8G    0  1.8G   0% /data/user
tmpfs                    1.8G    0  1.8G   0% /data/user_de
tmpfs                    1.8G    0  1.8G   0% /data/misc/profiles/cur
tmpfs                    1.8G    0  1.8G   0% /data/misc/profiles/ref
2025-03-01 17:12:30 - System optimization and recovery completed successfully!
2025-03-01 21:12:44 - Starting system optimization with backup and recovery...
2025-03-01 21:12:44 - Creating backup of AI data, logs, and configurations...
2025-03-01 21:12:46 - Restoration completed using backup: backup_2025-03-01_21-12-44.tar.gz
2025-03-01 21:12:46 - Checking for outdated Python packages...
2025-03-01 21:13:04 - Updating outdated Python packages...
2025-03-01 21:13:09 - Current Disk Usage: /dev/block/dm-47          48G  40G  7.5G  85% /data
tmpfs                    1.8G    0  1.8G   0% /data/data
tmpfs                    1.8G    0  1.8G   0% /data/user
tmpfs                    1.8G    0  1.8G   0% /data/user_de
tmpfs                    1.8G    0  1.8G   0% /data/misc/profiles/cur
tmpfs                    1.8G    0  1.8G   0% /data/misc/profiles/ref
2025-03-01 21:13:09 - System optimization and recovery completed successfully!
2025-03-01 21:13:17 - Starting system optimization with backup and recovery...
2025-03-01 21:13:17 - Creating backup of AI data, logs, and configurations...
2025-03-01 21:13:19 - Restoration completed using backup: backup_2025-03-01_21-13-17.tar.gz
2025-03-01 21:13:19 - Checking for outdated Python packages...
2025-03-01 21:13:41 - Updating outdated Python packages...
2025-03-01 21:13:46 - Current Disk Usage: /dev/block/dm-47          48G  40G  7.5G  85% /data
tmpfs                    1.8G    0  1.8G   0% /data/data
tmpfs                    1.8G    0  1.8G   0% /data/user
tmpfs                    1.8G    0  1.8G   0% /data/user_de
tmpfs                    1.8G    0  1.8G   0% /data/misc/profiles/cur
tmpfs                    1.8G    0  1.8G   0% /data/misc/profiles/ref
2025-03-01 21:13:46 - System optimization and recovery completed successfully!
2025-03-02 01:14:07 - Starting system optimization with backup and recovery...
2025-03-02 01:14:07 - Creating backup of AI data, logs, and configurations...
2025-03-02 01:14:09 - Restoration completed using backup: backup_2025-03-02_01-14-07.tar.gz
2025-03-02 01:14:09 - Checking for outdated Python packages...
2025-03-02 01:14:26 - Updating outdated Python packages...
2025-03-02 01:14:29 - Current Disk Usage: /dev/block/dm-47          48G  40G  7.8G  84% /data
tmpfs                    1.8G    0  1.8G   0% /data/data
tmpfs                    1.8G    0  1.8G   0% /data/user
tmpfs                    1.8G    0  1.8G   0% /data/user_de
tmpfs                    1.8G    0  1.8G   0% /data/misc/profiles/cur
tmpfs                    1.8G    0  1.8G   0% /data/misc/profiles/ref
2025-03-02 01:14:29 - System optimization and recovery completed successfully!
2025-03-02 03:13:38 - Starting system optimization with backup and recovery...
2025-03-02 03:13:38 - Creating backup of AI data, logs, and configurations...
2025-03-02 03:13:39 - Restoration completed using backup: backup_2025-03-02_03-13-38.tar.gz
2025-03-02 03:13:39 - Checking for outdated Python packages...
2025-03-02 03:13:57 - Updating outdated Python packages...
2025-03-02 03:14:00 - Current Disk Usage: /dev/block/dm-47          48G  40G  7.8G  84% /data
tmpfs                    1.8G    0  1.8G   0% /data/data
tmpfs                    1.8G    0  1.8G   0% /data/user
tmpfs                    1.8G    0  1.8G   0% /data/user_de
tmpfs                    1.8G    0  1.8G   0% /data/misc/profiles/cur
tmpfs                    1.8G    0  1.8G   0% /data/misc/profiles/ref
2025-03-02 03:14:00 - System optimization and recovery completed successfully!
2025-03-02 05:15:09 - Starting system optimization with backup and recovery...
2025-03-02 05:15:09 - Creating backup of AI data, logs, and configurations...
2025-03-02 05:15:10 - Restoration completed using backup: backup_2025-03-02_05-15-09.tar.gz
2025-03-02 05:15:10 - Checking for outdated Python packages...
2025-03-02 05:15:29 - Updating outdated Python packages...
2025-03-02 05:15:49 - Current Disk Usage: /dev/block/dm-47          48G  40G  7.8G  84% /data
tmpfs                    1.8G    0  1.8G   0% /data/data
tmpfs                    1.8G    0  1.8G   0% /data/user
tmpfs                    1.8G    0  1.8G   0% /data/user_de
tmpfs                    1.8G    0  1.8G   0% /data/misc/profiles/cur
tmpfs                    1.8G    0  1.8G   0% /data/misc/profiles/ref
2025-03-02 05:15:49 - System optimization and recovery completed successfully!
2025-03-02 09:15:12 - Starting system optimization with backup and recovery...
2025-03-02 09:15:12 - Creating backup of AI data, logs, and configurations...
2025-03-02 09:15:14 - Restoration completed using backup: backup_2025-03-02_09-15-12.tar.gz
2025-03-02 09:15:14 - Checking for outdated Python packages...
2025-03-02 09:15:32 - Updating outdated Python packages...
2025-03-02 09:15:35 - Current Disk Usage: /dev/block/dm-47          48G  40G  7.8G  84% /data
tmpfs                    1.8G    0  1.8G   0% /data/data
tmpfs                    1.8G    0  1.8G   0% /data/user
tmpfs                    1.8G    0  1.8G   0% /data/user_de
tmpfs                    1.8G    0  1.8G   0% /data/misc/profiles/cur
tmpfs                    1.8G    0  1.8G   0% /data/misc/profiles/ref
2025-03-02 09:15:35 - System optimization and recovery completed successfully!
2025-03-02 09:17:40 - Starting system optimization with backup and recovery...
2025-03-02 09:17:40 - Creating backup of AI data, logs, and configurations...
2025-03-02 09:17:41 - Restoration completed using backup: backup_2025-03-02_09-17-40.tar.gz
2025-03-02 09:17:41 - Checking for outdated Python packages...
2025-03-02 09:17:58 - Updating outdated Python packages...
2025-03-02 09:18:00 - Current Disk Usage: /dev/block/dm-47          48G  40G  7.8G  84% /data
tmpfs                    1.8G    0  1.8G   0% /data/data
tmpfs                    1.8G    0  1.8G   0% /data/user
tmpfs                    1.8G    0  1.8G   0% /data/user_de
tmpfs                    1.8G    0  1.8G   0% /data/misc/profiles/cur
tmpfs                    1.8G    0  1.8G   0% /data/misc/profiles/ref
2025-03-02 09:18:00 - System optimization and recovery completed successfully!
2025-03-02 13:18:53 - Starting system optimization with backup and recovery...
2025-03-02 13:18:53 - Creating backup of AI data, logs, and configurations...
2025-03-02 13:18:56 - Restoration completed using backup: backup_2025-03-02_13-18-53.tar.gz
2025-03-02 13:18:56 - Checking for outdated Python packages...
2025-03-02 13:20:32 - Updating outdated Python packages...
2025-03-02 13:20:37 - Current Disk Usage: /dev/block/dm-47          48G  40G  7.7G  84% /data
tmpfs                    1.8G    0  1.8G   0% /data/data
tmpfs                    1.8G    0  1.8G   0% /data/user
tmpfs                    1.8G    0  1.8G   0% /data/user_de
tmpfs                    1.8G    0  1.8G   0% /data/misc/profiles/cur
tmpfs                    1.8G    0  1.8G   0% /data/misc/profiles/ref
2025-03-02 13:20:37 - System optimization and recovery completed successfully!
2025-03-02 15:16:23 - Starting system optimization with backup and recovery...
2025-03-02 15:16:23 - Creating backup of AI data, logs, and configurations...
2025-03-02 15:16:24 - Restoration completed using backup: backup_2025-03-02_15-16-23.tar.gz
2025-03-02 15:16:24 - Checking for outdated Python packages...
2025-03-02 15:17:51 - Updating outdated Python packages...
2025-03-02 15:17:56 - Current Disk Usage: /dev/block/dm-47          48G  40G  7.6G  84% /data
tmpfs                    1.8G    0  1.8G   0% /data/data
tmpfs                    1.8G    0  1.8G   0% /data/user
tmpfs                    1.8G    0  1.8G   0% /data/user_de
tmpfs                    1.8G    0  1.8G   0% /data/misc/profiles/cur
tmpfs                    1.8G    0  1.8G   0% /data/misc/profiles/ref
2025-03-02 15:17:56 - System optimization and recovery completed successfully!
2025-03-02 17:21:30 - Starting system optimization with backup and recovery...
2025-03-02 17:21:30 - Creating backup of AI data, logs, and configurations...
2025-03-02 17:21:35 - Restoration completed using backup: backup_2025-03-02_17-21-30.tar.gz
2025-03-02 17:21:36 - Checking for outdated Python packages...
2025-03-02 17:22:13 - Updating outdated Python packages...
2025-03-02 17:22:35 - Current Disk Usage: /dev/block/dm-47          48G  40G  7.8G  84% /data
tmpfs                    1.8G    0  1.8G   0% /data/data
tmpfs                    1.8G    0  1.8G   0% /data/user
tmpfs                    1.8G    0  1.8G   0% /data/user_de
tmpfs                    1.8G    0  1.8G   0% /data/misc/profiles/cur
tmpfs                    1.8G    0  1.8G   0% /data/misc/profiles/ref
2025-03-02 17:22:35 - System optimization and recovery completed successfully!
2025-03-02 21:18:24 - Starting system optimization with backup and recovery...
2025-03-02 21:18:24 - Creating backup of AI data, logs, and configurations...
2025-03-02 21:18:26 - Restoration completed using backup: backup_2025-03-02_21-18-24.tar.gz
2025-03-02 21:18:26 - Checking for outdated Python packages...
2025-03-02 21:19:02 - Updating outdated Python packages...
2025-03-02 21:19:08 - Current Disk Usage: /dev/block/dm-47          48G  40G  7.7G  84% /data
tmpfs                    1.8G    0  1.8G   0% /data/data
tmpfs                    1.8G    0  1.8G   0% /data/user
tmpfs                    1.8G    0  1.8G   0% /data/user_de
tmpfs                    1.8G    0  1.8G   0% /data/misc/profiles/cur
tmpfs                    1.8G    0  1.8G   0% /data/misc/profiles/ref
2025-03-02 21:19:08 - System optimization and recovery completed successfully!
2025-03-02 21:23:23 - Starting system optimization with backup and recovery...
2025-03-02 21:23:23 - Creating backup of AI data, logs, and configurations...
2025-03-02 21:23:27 - Restoration completed using backup: backup_2025-03-02_21-23-23.tar.gz
2025-03-02 21:23:27 - Checking for outdated Python packages...
2025-03-02 21:24:10 - Updating outdated Python packages...
2025-03-02 21:24:19 - Current Disk Usage: /dev/block/dm-47          48G  40G  7.7G  84% /data
tmpfs                    1.8G    0  1.8G   0% /data/data
tmpfs                    1.8G    0  1.8G   0% /data/user
tmpfs                    1.8G    0  1.8G   0% /data/user_de
tmpfs                    1.8G    0  1.8G   0% /data/misc/profiles/cur
tmpfs                    1.8G    0  1.8G   0% /data/misc/profiles/ref
2025-03-02 21:24:19 - System optimization and recovery completed successfully!
2025-03-03 01:37:42 - Starting system optimization with backup and recovery...
2025-03-03 01:37:42 - Creating backup of AI data, logs, and configurations...
2025-03-03 01:37:45 - Restoration completed using backup: backup_2025-03-03_01-37-42.tar.gz
2025-03-03 01:37:45 - Checking for outdated Python packages...
2025-03-03 01:38:10 - Updating outdated Python packages...
2025-03-03 01:41:42 - Current Disk Usage: /dev/block/dm-47          48G  40G  7.6G  84% /data
tmpfs                    1.8G    0  1.8G   0% /data/data
tmpfs                    1.8G    0  1.8G   0% /data/user
tmpfs                    1.8G    0  1.8G   0% /data/user_de
tmpfs                    1.8G    0  1.8G   0% /data/misc/profiles/cur
tmpfs                    1.8G    0  1.8G   0% /data/misc/profiles/ref
2025-03-03 01:41:42 - System optimization and recovery completed successfully!
2025-03-03 03:20:39 - Starting system optimization with backup and recovery...
2025-03-03 03:20:39 - Creating backup of AI data, logs, and configurations...
2025-03-03 03:20:40 - Restoration completed using backup: backup_2025-03-03_03-20-39.tar.gz
2025-03-03 03:20:41 - Checking for outdated Python packages...
2025-03-03 03:22:43 - Updating outdated Python packages...
2025-03-03 03:22:57 - Current Disk Usage: /dev/block/dm-47          48G  40G  7.9G  84% /data
tmpfs                    1.8G    0  1.8G   0% /data/data
tmpfs                    1.8G    0  1.8G   0% /data/user
tmpfs                    1.8G    0  1.8G   0% /data/user_de
tmpfs                    1.8G    0  1.8G   0% /data/misc/profiles/cur
tmpfs                    1.8G    0  1.8G   0% /data/misc/profiles/ref
2025-03-03 03:22:57 - System optimization and recovery completed successfully!
2025-03-03 05:42:39 - Starting system optimization with backup and recovery...
2025-03-03 05:42:39 - Creating backup of AI data, logs, and configurations...
2025-03-03 05:42:40 - Restoration completed using backup: backup_2025-03-03_05-42-39.tar.gz
2025-03-03 05:42:40 - Checking for outdated Python packages...
2025-03-03 05:42:57 - Updating outdated Python packages...
2025-03-03 05:43:16 - Current Disk Usage: /dev/block/dm-47          48G  40G  7.9G  84% /data
tmpfs                    1.8G    0  1.8G   0% /data/data
tmpfs                    1.8G    0  1.8G   0% /data/user
tmpfs                    1.8G    0  1.8G   0% /data/user_de
tmpfs                    1.8G    0  1.8G   0% /data/misc/profiles/cur
tmpfs                    1.8G    0  1.8G   0% /data/misc/profiles/ref
2025-03-03 05:43:16 - System optimization and recovery completed successfully!
2025-03-03 09:25:29 - Starting system optimization with backup and recovery...
2025-03-03 09:25:29 - Creating backup of AI data, logs, and configurations...
2025-03-03 09:25:32 - Restoration completed using backup: backup_2025-03-03_09-25-29.tar.gz
2025-03-03 09:25:32 - Checking for outdated Python packages...
2025-03-03 09:25:54 - Updating outdated Python packages...
2025-03-03 09:26:00 - Current Disk Usage: /dev/block/dm-47          48G  40G  7.8G  84% /data
tmpfs                    1.8G    0  1.8G   0% /data/data
tmpfs                    1.8G    0  1.8G   0% /data/user
tmpfs                    1.8G    0  1.8G   0% /data/user_de
tmpfs                    1.8G    0  1.8G   0% /data/misc/profiles/cur
tmpfs                    1.8G    0  1.8G   0% /data/misc/profiles/ref
2025-03-03 09:26:00 - System optimization and recovery completed successfully!
2025-03-03 09:44:12 - Starting system optimization with backup and recovery...
2025-03-03 09:44:12 - Creating backup of AI data, logs, and configurations...
2025-03-03 09:44:14 - Restoration completed using backup: backup_2025-03-03_09-44-11.tar.gz
2025-03-03 09:44:14 - Checking for outdated Python packages...
2025-03-03 09:44:34 - Updating outdated Python packages...
2025-03-03 09:44:41 - Current Disk Usage: /dev/block/dm-47          48G  40G  7.8G  84% /data
tmpfs                    1.8G    0  1.8G   0% /data/data
tmpfs                    1.8G    0  1.8G   0% /data/user
tmpfs                    1.8G    0  1.8G   0% /data/user_de
tmpfs                    1.8G    0  1.8G   0% /data/misc/profiles/cur
tmpfs                    1.8G    0  1.8G   0% /data/misc/profiles/ref
2025-03-03 09:44:41 - System optimization and recovery completed successfully!
2025-03-03 13:46:02 - Starting system optimization with backup and recovery...
2025-03-03 13:46:02 - Creating backup of AI data, logs, and configurations...
2025-03-03 13:46:10 - Restoration completed using backup: backup_2025-03-03_13-46-02.tar.gz
2025-03-03 13:46:11 - Checking for outdated Python packages...
2025-03-03 13:46:50 - Updating outdated Python packages...
2025-03-03 13:47:04 - Current Disk Usage: /dev/block/dm-47          48G  41G  6.1G  88% /data
tmpfs                    1.8G    0  1.8G   0% /data/data
tmpfs                    1.8G    0  1.8G   0% /data/user
tmpfs                    1.8G    0  1.8G   0% /data/user_de
tmpfs                    1.8G    0  1.8G   0% /data/misc/profiles/cur
tmpfs                    1.8G    0  1.8G   0% /data/misc/profiles/ref
2025-03-03 13:47:04 - System optimization and recovery completed successfully!
2025-03-03 15:26:46 - Starting system optimization with backup and recovery...
2025-03-03 15:26:46 - Creating backup of AI data, logs, and configurations...
2025-03-03 15:26:48 - Restoration completed using backup: backup_2025-03-03_15-26-46.tar.gz
2025-03-03 15:26:48 - Checking for outdated Python packages...
2025-03-03 15:27:16 - Updating outdated Python packages...
2025-03-03 15:27:35 - Current Disk Usage: /dev/block/dm-47          48G  42G  5.7G  89% /data
tmpfs                    1.8G    0  1.8G   0% /data/data
tmpfs                    1.8G    0  1.8G   0% /data/user
tmpfs                    1.8G    0  1.8G   0% /data/user_de
tmpfs                    1.8G    0  1.8G   0% /data/misc/profiles/cur
tmpfs                    1.8G    0  1.8G   0% /data/misc/profiles/ref
2025-03-03 15:27:35 - System optimization and recovery completed successfully!
2025-03-03 17:48:23 - Starting system optimization with backup and recovery...
2025-03-03 17:48:23 - Creating backup of AI data, logs, and configurations...
2025-03-03 17:48:27 - Restoration completed using backup: backup_2025-03-03_17-48-23.tar.gz
2025-03-03 17:48:27 - Checking for outdated Python packages...
2025-03-03 17:49:12 - Updating outdated Python packages...
2025-03-03 17:49:19 - Current Disk Usage: /dev/block/dm-47          48G  42G  5.3G  89% /data
tmpfs                    1.8G    0  1.8G   0% /data/data
tmpfs                    1.8G    0  1.8G   0% /data/user
tmpfs                    1.8G    0  1.8G   0% /data/user_de
tmpfs                    1.8G    0  1.8G   0% /data/misc/profiles/cur
tmpfs                    1.8G    0  1.8G   0% /data/misc/profiles/ref
2025-03-03 17:49:19 - System optimization and recovery completed successfully!
